Determining if the pthread_create exist failed with the following output:
Change Dir: /home/zl/PycharmProjects/vnpy/vnpy/api/ib/build/CMakeFiles/CMakeTmp

Run Build Command:"/usr/bin/make" "cmTC_38a3a/fast"
/usr/bin/make -f CMakeFiles/cmTC_38a3a.dir/build.make CMakeFiles/cmTC_38a3a.dir/build
make[1]: 进入目录“/home/zl/PycharmProjects/vnpy/vnpy/api/ib/build/CMakeFiles/CMakeTmp”
Building CXX object CMakeFiles/cmTC_38a3a.dir/CheckSymbolExists.cxx.o
/usr/bin/c++    -fPIC -std=c++11    -o CMakeFiles/cmTC_38a3a.dir/CheckSymbolExists.cxx.o -c /home/zl/PycharmProjects/vnpy/vnpy/api/ib/build/CMakeFiles/CMakeTmp/CheckSymbolExists.cxx
Linking CXX executable cmTC_38a3a
/usr/bin/cmake -E cmake_link_script CMakeFiles/cmTC_38a3a.dir/link.txt --verbose=1
/usr/bin/c++   -fPIC -std=c++11     -rdynamic CMakeFiles/cmTC_38a3a.dir/CheckSymbolExists.cxx.o  -o cmTC_38a3a 
CMakeFiles/cmTC_38a3a.dir/CheckSymbolExists.cxx.o：在函数‘main’中：
CheckSymbolExists.cxx:(.text+0x1b)：对‘pthread_create’未定义的引用
collect2: error: ld returned 1 exit status
CMakeFiles/cmTC_38a3a.dir/build.make:97: recipe for target 'cmTC_38a3a' failed
make[1]: *** [cmTC_38a3a] Error 1
make[1]: 离开目录“/home/zl/PycharmProjects/vnpy/vnpy/api/ib/build/CMakeFiles/CMakeTmp”
Makefile:126: recipe for target 'cmTC_38a3a/fast' failed
make: *** [cmTC_38a3a/fast] Error 2

File /home/zl/PycharmProjects/vnpy/vnpy/api/ib/build/CMakeFiles/CMakeTmp/CheckSymbolExists.cxx:
/* */
#include <pthread.h>

int main(int argc, char** argv)
{
  (void)argv;
#ifndef pthread_create
  return ((int*)(&pthread_create))[argc];
#else
  (void)argc;
  return 0;
#endif
}

Determining if the function pthread_create exists in the pthreads failed with the following output:
Change Dir: /home/zl/PycharmProjects/vnpy/vnpy/api/ib/build/CMakeFiles/CMakeTmp

Run Build Command:"/usr/bin/make" "cmTC_3691e/fast"
/usr/bin/make -f CMakeFiles/cmTC_3691e.dir/build.make CMakeFiles/cmTC_3691e.dir/build
make[1]: 进入目录“/home/zl/PycharmProjects/vnpy/vnpy/api/ib/build/CMakeFiles/CMakeTmp”
Building CXX object CMakeFiles/cmTC_3691e.dir/CheckFunctionExists.cxx.o
/usr/bin/c++    -fPIC -std=c++11 -DCHECK_FUNCTION_EXISTS=pthread_create   -o CMakeFiles/cmTC_3691e.dir/CheckFunctionExists.cxx.o -c /home/zl/PycharmProjects/vnpy/vnpy/api/ib/build/CMakeFiles/CheckLibraryExists/CheckFunctionExists.cxx
Linking CXX executable cmTC_3691e
/usr/bin/cmake -E cmake_link_script CMakeFiles/cmTC_3691e.dir/link.txt --verbose=1
/usr/bin/c++   -fPIC -std=c++11 -DCHECK_FUNCTION_EXISTS=pthread_create    -rdynamic CMakeFiles/cmTC_3691e.dir/CheckFunctionExists.cxx.o  -o cmTC_3691e -lpthreads 
/usr/bin/x86_64-linux-gnu-ld: 找不到 -lpthreads
collect2: error: ld returned 1 exit status
CMakeFiles/cmTC_3691e.dir/build.make:97: recipe for target 'cmTC_3691e' failed
make[1]: *** [cmTC_3691e] Error 1
make[1]: 离开目录“/home/zl/PycharmProjects/vnpy/vnpy/api/ib/build/CMakeFiles/CMakeTmp”
Makefile:126: recipe for target 'cmTC_3691e/fast' failed
make: *** [cmTC_3691e/fast] Error 2


